Determining if the pthread_create exist failed with the following output:
Change Dir: /home/thorvat/Optimization_tools/dlib-19.0/examples/build/CMakeFiles/CMakeTmp

Run Build Command:/usr/bin/make "cmTryCompileExec1162532405/fast"
/usr/bin/make -f CMakeFiles/cmTryCompileExec1162532405.dir/build.make CMakeFiles/cmTryCompileExec1162532405.dir/build
make[1]: Entering directory `/home/thorvat/Optimization_tools/dlib-19.0/examples/build/CMakeFiles/CMakeTmp'
/usr/bin/cmake -E cmake_progress_report /home/thorvat/Optimization_tools/dlib-19.0/examples/build/CMakeFiles/CMakeTmp/CMakeFiles 1
Building C object CMakeFiles/cmTryCompileExec1162532405.dir/CheckSymbolExists.c.o
/usr/bin/cc    -o CMakeFiles/cmTryCompileExec1162532405.dir/CheckSymbolExists.c.o   -c /home/thorvat/Optimization_tools/dlib-19.0/examples/build/CMakeFiles/CMakeTmp/CheckSymbolExists.c
Linking C executable cmTryCompileExec1162532405
/usr/bin/cmake -E cmake_link_script CMakeFiles/cmTryCompileExec1162532405.dir/link.txt --verbose=1
/usr/bin/cc       CMakeFiles/cmTryCompileExec1162532405.dir/CheckSymbolExists.c.o  -o cmTryCompileExec1162532405 -rdynamic 
CMakeFiles/cmTryCompileExec1162532405.dir/CheckSymbolExists.c.o: In function `main':
CheckSymbolExists.c:(.text+0x16): undefined reference to `pthread_create'
collect2: error: ld returned 1 exit status
make[1]: Leaving directory `/home/thorvat/Optimization_tools/dlib-19.0/examples/build/CMakeFiles/CMakeTmp'
make[1]: *** [cmTryCompileExec1162532405] Error 1
make: *** [cmTryCompileExec1162532405/fast] Error 2

File /home/thorvat/Optimization_tools/dlib-19.0/examples/build/CMakeFiles/CMakeTmp/CheckSymbolExists.c:
/* */
#include <pthread.h>

int main(int argc, char** argv)
{
  (void)argv;
#ifndef pthread_create
  return ((int*)(&pthread_create))[argc];
#else
  (void)argc;
  return 0;
#endif
}

Determining if the function pthread_create exists in the pthreads failed with the following output:
Change Dir: /home/thorvat/Optimization_tools/dlib-19.0/examples/build/CMakeFiles/CMakeTmp

Run Build Command:/usr/bin/make "cmTryCompileExec554382946/fast"
/usr/bin/make -f CMakeFiles/cmTryCompileExec554382946.dir/build.make CMakeFiles/cmTryCompileExec554382946.dir/build
make[1]: Entering directory `/home/thorvat/Optimization_tools/dlib-19.0/examples/build/CMakeFiles/CMakeTmp'
/usr/bin/cmake -E cmake_progress_report /home/thorvat/Optimization_tools/dlib-19.0/examples/build/CMakeFiles/CMakeTmp/CMakeFiles 1
Building C object CMakeFiles/cmTryCompileExec554382946.dir/CheckFunctionExists.c.o
/usr/bin/cc   -DCHECK_FUNCTION_EXISTS=pthread_create   -o CMakeFiles/cmTryCompileExec554382946.dir/CheckFunctionExists.c.o   -c /usr/share/cmake-2.8/Modules/CheckFunctionExists.c
Linking C executable cmTryCompileExec554382946
/usr/bin/cmake -E cmake_link_script CMakeFiles/cmTryCompileExec554382946.dir/link.txt --verbose=1
/usr/bin/cc   -DCHECK_FUNCTION_EXISTS=pthread_create    CMakeFiles/cmTryCompileExec554382946.dir/CheckFunctionExists.c.o  -o cmTryCompileExec554382946 -rdynamic -lpthreads 
/usr/bin/ld: cannot find -lpthreads
collect2: error: ld returned 1 exit status
make[1]: Leaving directory `/home/thorvat/Optimization_tools/dlib-19.0/examples/build/CMakeFiles/CMakeTmp'
make[1]: *** [cmTryCompileExec554382946] Error 1
make: *** [cmTryCompileExec554382946/fast] Error 2


